<?xml version="1.0" encoding="UTF-8"?>
<!-- Generated by org.testng.reporters.JUnitReportReporter -->
<testsuite hostname="DESKTOP-UFLT0U7" name="april23.SecondTestNGClass" tests="3" failures="0" timestamp="28 Apr 2022 14:16:21 GMT" time="39.226" errors="0">
  <testcase name="addition" time="14.303" classname="april23.SecondTestNGClass"/>
  <testcase name="division" time="11.121" classname="april23.SecondTestNGClass"/>
  <testcase name="multiplication" time="13.802" classname="april23.SecondTestNGClass"/>
</testsuite> <!-- april23.SecondTestNGClass -->
