<?xml version="1.0" encoding="UTF-8"?>
<!-- Generated by org.testng.reporters.JUnitReportReporter -->
<testsuite hostname="DESKTOP-UFLT0U7" name="april27.WaitCommandImplicit" tests="1" failures="0" timestamp="28 Apr 2022 13:52:35 GMT" time="32.956" errors="0">
  <testcase name="verfylogin" time="32.956" classname="april27.WaitCommandImplicit"/>
</testsuite> <!-- april27.WaitCommandImplicit -->
