<?xml version="1.0" encoding="UTF-8"?>
<!-- Generated by org.testng.reporters.JUnitReportReporter -->
<testsuite hostname="DESKTOP-UFLT0U7" name="april23.ThirdTestNGClass" tests="5" failures="0" timestamp="28 Apr 2022 14:21:07 GMT" time="78.465" errors="0">
  <testcase name="LoginMultipletimes" time="8.579" classname="april23.ThirdTestNGClass"/>
  <testcase name="LoginMultipletimes" time="7.980" classname="april23.ThirdTestNGClass"/>
  <testcase name="LoginMultipletimes" time="7.867" classname="april23.ThirdTestNGClass"/>
  <testcase name="LoginMultipletimes" time="8.478" classname="april23.ThirdTestNGClass"/>
  <testcase name="LoginMultipletimes" time="45.561" classname="april23.ThirdTestNGClass"/>
</testsuite> <!-- april23.ThirdTestNGClass -->
