<?xml version="1.0" encoding="UTF-8"?>
<!-- Generated by org.testng.reporters.JUnitReportReporter -->
<testsuite hostname="DESKTOP-UFLT0U7" name="april27.WaitStateMent" tests="1" failures="0" timestamp="28 Apr 2022 14:37:53 GMT" time="12.709" errors="0">
  <testcase name="verifylogin1" time="12.709" classname="april27.WaitStateMent"/>
</testsuite> <!-- april27.WaitStateMent -->
