<?xml version="1.0" encoding="UTF-8"?>
<!-- Generated by org.testng.reporters.JUnitReportReporter -->
<testsuite hostname="DESKTOP-UFLT0U7" name="april23.FirstTestNGClass" tests="1" failures="0" timestamp="28 Apr 2022 14:21:07 GMT" time="2.811" errors="0">
  <testcase name="cbanking" time="2.811" classname="april23.FirstTestNGClass"/>
</testsuite> <!-- april23.FirstTestNGClass -->
