<?xml version="1.0" encoding="UTF-8"?>
<!-- Generated by org.testng.reporters.JUnitReportReporter -->
<testsuite hostname="DESKTOP-UFLT0U7" name="april23.FirstTestNGClassPractice" tests="5" failures="0" timestamp="24 Apr 2022 15:02:36 GMT" time="15.643" errors="0">
  <testcase name="Login" time="2.136" classname="april23.FirstTestNGClassPractice"/>
  <testcase name="b" time="2.112" classname="april23.FirstTestNGClassPractice"/>
  <testcase name="c" time="2.209" classname="april23.FirstTestNGClassPractice"/>
  <testcase name="a" time="3.636" classname="april23.FirstTestNGClassPractice"/>
  <testcase name="d" time="5.550" classname="april23.FirstTestNGClassPractice"/>
</testsuite> <!-- april23.FirstTestNGClassPractice -->
