<?xml version="1.0" encoding="UTF-8"?>
<!-- Generated by org.testng.reporters.JUnitReportReporter -->
<testsuite hostname="DESKTOP-UFLT0U7" name="april26.ValidateAss" tests="3" failures="0" timestamp="28 Apr 2022 14:14:21 GMT" time="43.575" errors="0">
  <testcase name="verifytitle2" time="12.791" classname="april26.ValidateAss"/>
  <testcase name="verifytitle3" time="18.376" classname="april26.ValidateAss"/>
  <testcase name="verifytitle1" time="12.408" classname="april26.ValidateAss"/>
</testsuite> <!-- april26.ValidateAss -->
